[debug] [2021-02-24T16:01:24.278Z] ----------------------------------------------------------------------
[debug] [2021-02-24T16:01:24.280Z] Command:       C:\Program Files\nodejs\node.exe C:\Users\DELL\AppData\Roaming\npm\node_modules\firebase-tools\lib\bin\firebase.js deploy
[debug] [2021-02-24T16:01:24.280Z] CLI Version:   9.5.0
[debug] [2021-02-24T16:01:24.280Z] Platform:      win32
[debug] [2021-02-24T16:01:24.280Z] Node Version:  v14.15.3
[debug] [2021-02-24T16:01:24.281Z] Time:          Wed Feb 24 2021 22:01:24 GMT+0600 (Bangladesh Standard Time)
[debug] [2021-02-24T16:01:24.281Z] ----------------------------------------------------------------------
[debug] [2021-02-24T16:01:24.281Z] 
[debug] [2021-02-24T16:01:24.288Z] > command requires scopes: ["email","openid","https://www.googleapis.com/auth/cloudplatformprojects.readonly","https://www.googleapis.com/auth/firebase","https://www.googleapis.com/auth/cloud-platform"]
[debug] [2021-02-24T16:01:24.288Z] > authorizing via signed-in user
[debug] [2021-02-24T16:01:24.288Z] [iam] checking project ema-john-simple-6c5ad for permissions ["firebase.projects.get","firebasehosting.sites.update"]
[debug] [2021-02-24T16:01:24.290Z] >>> HTTP REQUEST POST https://cloudresourcemanager.googleapis.com/v1/projects/ema-john-simple-6c5ad:testIamPermissions  
 {"permissions":["firebase.projects.get","firebasehosting.sites.update"]}
[debug] [2021-02-24T16:01:25.723Z] <<< HTTP RESPONSE 200 {"content-type":"application/json; charset=UTF-8","vary":"X-Origin, Referer, Origin,Accept-Encoding","date":"Wed, 24 Feb 2021 16:01:26 GMT","server":"ESF","cache-control":"private","x-xss-protection":"0","x-frame-options":"SAMEORIGIN","x-content-type-options":"nosniff","server-timing":"gfet4t7; dur=1171","alt-svc":"h3-29=\":443\"; ma=2592000,h3-T051=\":443\"; ma=2592000,h3-Q050=\":443\"; ma=2592000,h3-Q046=\":443\"; ma=2592000,h3-Q043=\":443\"; ma=2592000,quic=\":443\"; ma=2592000; v=\"46,43\"","accept-ranges":"none","transfer-encoding":"chunked"}
[debug] [2021-02-24T16:01:25.735Z] > refreshing access token with scopes: []
[debug] [2021-02-24T16:01:25.736Z] >>> HTTP REQUEST POST https://www.googleapis.com/oauth2/v3/token  
 <request body omitted>
[debug] [2021-02-24T16:01:26.008Z] <<< HTTP RESPONSE 200 {"pragma":"no-cache","expires":"Mon, 01 Jan 1990 00:00:00 GMT","date":"Wed, 24 Feb 2021 16:01:27 GMT","cache-control":"no-cache, no-store, max-age=0, must-revalidate","content-type":"application/json; charset=utf-8","vary":"X-Origin, Referer, Origin,Accept-Encoding","server":"scaffolding on HTTPServer2","x-xss-protection":"0","x-frame-options":"SAMEORIGIN","x-content-type-options":"nosniff","alt-svc":"h3-29=\":443\"; ma=2592000,h3-T051=\":443\"; ma=2592000,h3-Q050=\":443\"; ma=2592000,h3-Q046=\":443\"; ma=2592000,h3-Q043=\":443\"; ma=2592000,quic=\":443\"; ma=2592000; v=\"46,43\"","accept-ranges":"none","transfer-encoding":"chunked"}
[debug] [2021-02-24T16:01:26.027Z] >>> [apiv2][query] GET https://firebase.googleapis.com/v1beta1/projects/ema-john-simple-6c5ad [none]
[debug] [2021-02-24T16:01:26.626Z] <<< [apiv2][status] GET https://firebase.googleapis.com/v1beta1/projects/ema-john-simple-6c5ad 200
[debug] [2021-02-24T16:01:26.626Z] <<< [apiv2][body] GET https://firebase.googleapis.com/v1beta1/projects/ema-john-simple-6c5ad {"projectId":"ema-john-simple-6c5ad","projectNumber":"957776831708","displayName":"ema-john-simple","name":"projects/ema-john-simple-6c5ad","resources":{"hostingSite":"ema-john-simple-6c5ad"},"state":"ACTIVE"}
[info] 
[info] === Deploying to 'ema-john-simple-6c5ad'...
[info] 
[info] i  deploying hosting 
[debug] [2021-02-24T16:01:26.646Z] > refreshing access token with scopes: ["email","https://www.googleapis.com/auth/cloud-platform","https://www.googleapis.com/auth/cloudplatformprojects.readonly","https://www.googleapis.com/auth/firebase","openid"]
[debug] [2021-02-24T16:01:26.646Z] >>> HTTP REQUEST POST https://www.googleapis.com/oauth2/v3/token  
 <request body omitted>
[debug] [2021-02-24T16:01:28.512Z] <<< HTTP RESPONSE 200 {"cache-control":"no-cache, no-store, max-age=0, must-revalidate","expires":"Mon, 01 Jan 1990 00:00:00 GMT","pragma":"no-cache","date":"Wed, 24 Feb 2021 16:01:28 GMT","content-type":"application/json; charset=utf-8","vary":"X-Origin, Referer, Origin,Accept-Encoding","server":"scaffolding on HTTPServer2","x-xss-protection":"0","x-frame-options":"SAMEORIGIN","x-content-type-options":"nosniff","alt-svc":"h3-29=\":443\"; ma=2592000,h3-T051=\":443\"; ma=2592000,h3-Q050=\":443\"; ma=2592000,h3-Q046=\":443\"; ma=2592000,h3-Q043=\":443\"; ma=2592000,quic=\":443\"; ma=2592000; v=\"46,43\"","accept-ranges":"none","transfer-encoding":"chunked"}
[debug] [2021-02-24T16:01:28.523Z] >>> HTTP REQUEST POST https://firebasehosting.googleapis.com/v1beta1/sites/ema-john-simple-6c5ad/versions  
 {"config":{"rewrites":[{"glob":"**","path":"/index.html"}]},"labels":{"deployment-tool":"cli-firebase"}}
[debug] [2021-02-24T16:01:31.542Z] <<< HTTP RESPONSE 200 {"content-type":"application/json; charset=UTF-8","vary":"X-Origin, Referer, Origin,Accept-Encoding","date":"Wed, 24 Feb 2021 16:01:32 GMT","server":"ESF","cache-control":"private","x-xss-protection":"0","x-frame-options":"SAMEORIGIN","x-content-type-options":"nosniff","alt-svc":"h3-29=\":443\"; ma=2592000,h3-T051=\":443\"; ma=2592000,h3-Q050=\":443\"; ma=2592000,h3-Q046=\":443\"; ma=2592000,h3-Q043=\":443\"; ma=2592000,quic=\":443\"; ma=2592000; v=\"46,43\"","accept-ranges":"none","transfer-encoding":"chunked"}
[info] i  hosting[ema-john-simple-6c5ad]: beginning deploy... 
[info] i  hosting[ema-john-simple-6c5ad]: found 20 files in build 
[debug] [2021-02-24T16:01:31.895Z] > refreshing access token with scopes: []
[debug] [2021-02-24T16:01:31.895Z] >>> HTTP REQUEST POST https://www.googleapis.com/oauth2/v3/token  
 <request body omitted>
[debug] [2021-02-24T16:01:31.897Z] [hosting] hash cache [YnVpbGQ] stored for 20 files
[debug] [2021-02-24T16:01:31.897Z] [hosting][hash queue][FINAL] {"max":298,"min":6,"avg":34.8,"active":0,"complete":20,"success":20,"errored":0,"retried":0,"total":20,"elapsed":306}
[debug] [2021-02-24T16:01:32.478Z] <<< HTTP RESPONSE 200 {"pragma":"no-cache","expires":"Mon, 01 Jan 1990 00:00:00 GMT","date":"Wed, 24 Feb 2021 16:01:33 GMT","cache-control":"no-cache, no-store, max-age=0, must-revalidate","content-type":"application/json; charset=utf-8","vary":"X-Origin, Referer, Origin,Accept-Encoding","server":"scaffolding on HTTPServer2","x-xss-protection":"0","x-frame-options":"SAMEORIGIN","x-content-type-options":"nosniff","alt-svc":"h3-29=\":443\"; ma=2592000,h3-T051=\":443\"; ma=2592000,h3-Q050=\":443\"; ma=2592000,h3-Q046=\":443\"; ma=2592000,h3-Q043=\":443\"; ma=2592000,quic=\":443\"; ma=2592000; v=\"46,43\"","accept-ranges":"none","transfer-encoding":"chunked"}
[debug] [2021-02-24T16:01:32.489Z] >>> [apiv2][query] POST https://firebasehosting.googleapis.com/v1beta1/sites/ema-john-simple-6c5ad/versions/e4b32a336f585246:populateFiles [none]
[debug] [2021-02-24T16:01:32.490Z] >>> [apiv2][body] POST https://firebasehosting.googleapis.com/v1beta1/sites/ema-john-simple-6c5ad/versions/e4b32a336f585246:populateFiles {"files":{"/favicon.ico":"0969be82c7701bf4de58d53af1a6ef4b9f8da2f9f509cc8daac533db48812d40","/logo192.png":"3ee59515172ee198f3be375979df15ac5345183e656720a381b8872b2a39dc8b","/logo512.png":"ee7e2f3fdb8209c4b6fd7bef6ba50d1b9dba30a25bb5c3126df057e1cb6f5331","/manifest.json":"aff3449bdc238776f5d6d967f19ec491b36aed5fb7f23ccff6500736fd58494a","/robots.txt":"bfe106a3fb878dc83461c86818bf74fc1bdc7f28538ba613cd3e775516ce8b49","/asset-manifest.json":"26a35fc81237189e147ce1f8dea7b28c30da371e3d0da1a2cb19b9876993c179","/index.html":"dcb16cbd46ae6a95c66bc03e4132385816dc2f6f39af5a228b7ba808921dc4e2","/static/css/main.f57f4a5a.chunk.css":"2cd36130121a9efbd3aeb85f0632493b99e5611b0308cbe09dd4418689b4a21a","/static/css/main.f57f4a5a.chunk.css.map":"ba0971a78ac1efec0bf962e9a8e6507bdebaae270fa9e196ef573a1b084c18e3","/static/js/2.7df32d0d.chunk.js.LICENSE.txt":"ff15a11e396c632f78ca097ce9e97de9334c8cca2a70c298296852ea508bf536","/static/js/3.01934a84.chunk.js":"6494368c6b03d31339e28868d00021f6359a1453dc413c6634b731a4daa54a1e","/static/js/3.01934a84.chunk.js.map":"ce6d5e4f71132f96e322d5a79d5a5302ee08de92987d8ef551553599359a61f7","/static/js/runtime-main.02cc1a91.js":"df3592a318782013dd6f0d31e4d57d51c09da07d72d65a5f669047d9c50c612e","/static/js/runtime-main.02cc1a91.js.map":"f63b5ab7faddc779104423d44b0830bea165b4784902da5b5ba71d211b8e12d4","/static/js/main.fe8d2c16.chunk.js":"f27159f156db97eaf613f493322fb554e11e57d344c745947a5671ec83018791","/static/media/logo.0dd9a510.png":"84bb80c7ad5aac5f696f09b797455057759cbbd91b44e20b7a658944eabce45b","/static/js/main.fe8d2c16.chunk.js.map":"2950bee84a71cd4c867c883973ce86335661d85db11c0e3c8ce60db118262099","/static/media/giphy.934dc7b9.gif":"cd692b4fd11643fda3872cc6e17603a0c305e8079d1eea1f67bdea9714398054","/static/js/2.7df32d0d.chunk.js":"14bddfab29099bbfc4b441f857b295356a656aef335fce099c8c9d778a02e8d2","/static/js/2.7df32d0d.chunk.js.map":"48bdbabe1a22d732d61ddd98083e466309006d4ef6539bba657927c8ead0fa12"}}
[debug] [2021-02-24T16:01:34.244Z] <<< [apiv2][status] POST https://firebasehosting.googleapis.com/v1beta1/sites/ema-john-simple-6c5ad/versions/e4b32a336f585246:populateFiles 200
[debug] [2021-02-24T16:01:34.244Z] <<< [apiv2][body] POST https://firebasehosting.googleapis.com/v1beta1/sites/ema-john-simple-6c5ad/versions/e4b32a336f585246:populateFiles {"uploadUrl":"https://upload-firebasehosting.googleapis.com/upload/sites/ema-john-simple-6c5ad/versions/e4b32a336f585246/files"}
[debug] [2021-02-24T16:01:34.245Z] [hosting][populate queue][FINAL] {"max":2350,"min":2350,"avg":2350,"active":0,"complete":1,"success":1,"errored":0,"retried":0,"total":1,"elapsed":2350}
[debug] [2021-02-24T16:01:34.246Z] [hosting] uploads queued: 0
[debug] [2021-02-24T16:01:34.247Z] [hosting][upload queue][FINAL] {"max":0,"min":9999999999,"avg":0,"active":0,"complete":0,"success":0,"errored":0,"retried":0,"total":0,"elapsed":1614182494247}
[info] +  hosting[ema-john-simple-6c5ad]: file upload complete 
[debug] [2021-02-24T16:01:34.252Z] [hosting] deploy completed after 2705ms
[debug] [2021-02-24T16:01:34.519Z] [
  {
    "config": {
      "public": "build",
      "ignore": [
        "firebase.json",
        "**/.*",
        "**/node_modules/**"
      ],
      "rewrites": [
        {
          "source": "**",
          "destination": "/index.html"
        }
      ],
      "site": "ema-john-simple-6c5ad"
    },
    "site": "ema-john-simple-6c5ad",
    "version": "sites/ema-john-simple-6c5ad/versions/e4b32a336f585246"
  }
]
[info] i  hosting[ema-john-simple-6c5ad]: finalizing version... 
[debug] [2021-02-24T16:01:34.523Z] > refreshing access token with scopes: ["email","https://www.googleapis.com/auth/cloud-platform","https://www.googleapis.com/auth/cloudplatformprojects.readonly","https://www.googleapis.com/auth/firebase","openid"]
[debug] [2021-02-24T16:01:34.523Z] >>> HTTP REQUEST POST https://www.googleapis.com/oauth2/v3/token  
 <request body omitted>
[debug] [2021-02-24T16:01:35.160Z] <<< HTTP RESPONSE 200 {"pragma":"no-cache","cache-control":"no-cache, no-store, max-age=0, must-revalidate","date":"Wed, 24 Feb 2021 16:01:35 GMT","expires":"Mon, 01 Jan 1990 00:00:00 GMT","content-type":"application/json; charset=utf-8","vary":"X-Origin, Referer, Origin,Accept-Encoding","server":"scaffolding on HTTPServer2","x-xss-protection":"0","x-frame-options":"SAMEORIGIN","x-content-type-options":"nosniff","alt-svc":"h3-29=\":443\"; ma=2592000,h3-T051=\":443\"; ma=2592000,h3-Q050=\":443\"; ma=2592000,h3-Q046=\":443\"; ma=2592000,h3-Q043=\":443\"; ma=2592000,quic=\":443\"; ma=2592000; v=\"46,43\"","accept-ranges":"none","transfer-encoding":"chunked"}
[debug] [2021-02-24T16:01:35.165Z] >>> HTTP REQUEST PATCH https://firebasehosting.googleapis.com/v1beta1/sites/ema-john-simple-6c5ad/versions/e4b32a336f585246?updateMask=status  
 {"status":"FINALIZED"}
[debug] [2021-02-24T16:01:37.092Z] <<< HTTP RESPONSE 200 {"content-type":"application/json; charset=UTF-8","vary":"X-Origin, Referer, Origin,Accept-Encoding","date":"Wed, 24 Feb 2021 16:01:37 GMT","server":"ESF","cache-control":"private","x-xss-protection":"0","x-frame-options":"SAMEORIGIN","x-content-type-options":"nosniff","alt-svc":"h3-29=\":443\"; ma=2592000,h3-T051=\":443\"; ma=2592000,h3-Q050=\":443\"; ma=2592000,h3-Q046=\":443\"; ma=2592000,h3-Q043=\":443\"; ma=2592000,quic=\":443\"; ma=2592000; v=\"46,43\"","accept-ranges":"none","transfer-encoding":"chunked"}
[debug] [2021-02-24T16:01:37.093Z] [hosting] finalized version for ema-john-simple-6c5ad: {"name":"sites/ema-john-simple-6c5ad/versions/e4b32a336f585246","status":"FINALIZED","config":{"rewrites":[{"glob":"**","path":"/index.html"}]},"labels":{"deployment-tool":"cli-firebase"},"createTime":"2021-02-24T16:01:32.189315Z","createUser":{"email":"tanmoyparvez23@gmail.com"},"finalizeTime":"2021-02-24T16:01:37.980240Z","finalizeUser":{"email":"tanmoyparvez23@gmail.com"}}
[info] +  hosting[ema-john-simple-6c5ad]: version finalized 
[info] i  hosting[ema-john-simple-6c5ad]: releasing new version... 
[debug] [2021-02-24T16:01:37.100Z] >>> HTTP REQUEST POST https://firebasehosting.googleapis.com/v1beta1/sites/ema-john-simple-6c5ad/releases?version_name=sites/ema-john-simple-6c5ad/versions/e4b32a336f585246  
 {"message":null}
[debug] [2021-02-24T16:01:38.794Z] <<< HTTP RESPONSE 200 {"content-type":"application/json; charset=UTF-8","vary":"X-Origin, Referer, Origin,Accept-Encoding","date":"Wed, 24 Feb 2021 16:01:39 GMT","server":"ESF","cache-control":"private","x-xss-protection":"0","x-frame-options":"SAMEORIGIN","x-content-type-options":"nosniff","alt-svc":"h3-29=\":443\"; ma=2592000,h3-T051=\":443\"; ma=2592000,h3-Q050=\":443\"; ma=2592000,h3-Q046=\":443\"; ma=2592000,h3-Q043=\":443\"; ma=2592000,quic=\":443\"; ma=2592000; v=\"46,43\"","accept-ranges":"none","transfer-encoding":"chunked"}
[debug] [2021-02-24T16:01:38.795Z] [hosting] release: {"name":"sites/ema-john-simple-6c5ad/releases/1614182499113371","version":{"name":"sites/ema-john-simple-6c5ad/versions/e4b32a336f585246","status":"FINALIZED","config":{"rewrites":[{"glob":"**","path":"/index.html"}]},"labels":{"deployment-tool":"cli-firebase"},"createTime":"2021-02-24T16:01:32.189315Z","createUser":{"email":"tanmoyparvez23@gmail.com"},"finalizeTime":"2021-02-24T16:01:37.980240Z","finalizeUser":{"email":"tanmoyparvez23@gmail.com"},"preview":{}},"type":"DEPLOY","releaseTime":"2021-02-24T16:01:39.113371868Z","releaseUser":{"email":"tanmoyparvez23@gmail.com"}}
[info] +  hosting[ema-john-simple-6c5ad]: release complete 
[info] 
[info] +  Deploy complete! 
[info] 
[info] Project Console: https://console.firebase.google.com/project/ema-john-simple-6c5ad/overview
[info] Hosting URL: https://ema-john-simple-6c5ad.web.app
